  ConsoleApplication3.cpp
G:\Programming\Courses\Course 11\ConsoleApplications\ConsoleApplication3\ConsoleApplication3\clsPerson.h(4,10): warning C4067: unexpected tokens following preprocessor directive - expected a newline
  (compiling source file 'ConsoleApplication3.cpp')
  
G:\Programming\Courses\Course 11\ConsoleApplications\ConsoleApplication3\ConsoleApplication3\clsString.h(38,25): warning C4267: 'return': conversion from 'size_t' to 'short', possible loss of data
  (compiling source file 'ConsoleApplication3.cpp')
  
G:\Programming\Courses\Course 11\ConsoleApplications\ConsoleApplication3\ConsoleApplication3\clsString.h(43,29): warning C4267: 'return': conversion from 'size_t' to 'short', possible loss of data
  (compiling source file 'ConsoleApplication3.cpp')
  
G:\Programming\Courses\Course 11\ConsoleApplications\ConsoleApplication3\ConsoleApplication3\clsString.h(55,30): warning C4267: '=': conversion from 'size_t' to 'short', possible loss of data
  (compiling source file 'ConsoleApplication3.cpp')
  
G:\Programming\Courses\Course 11\ConsoleApplications\ConsoleApplication3\ConsoleApplication3\clsString.h(192,29): warning C4267: 'return': conversion from 'size_t' to 'short', possible loss of data
  (compiling source file 'ConsoleApplication3.cpp')
  
G:\Programming\Courses\Course 11\ConsoleApplications\ConsoleApplication3\ConsoleApplication3\clsString.h(323,30): warning C4267: '=': conversion from 'size_t' to 'short', possible loss of data
  (compiling source file 'ConsoleApplication3.cpp')
  
G:\Programming\Courses\Course 11\ConsoleApplications\ConsoleApplication3\ConsoleApplication3\clsString.h(371,22): warning C4267: 'initializing': conversion from 'size_t' to 'short', possible loss of data
  (compiling source file 'ConsoleApplication3.cpp')
  
G:\Programming\Courses\Course 11\ConsoleApplications\ConsoleApplication3\ConsoleApplication3\clsUtil.h(64,5): warning C4102: 'defualt': unreferenced label
  (compiling source file 'ConsoleApplication3.cpp')
  
G:\Programming\Courses\Course 11\ConsoleApplications\ConsoleApplication3\ConsoleApplication3\clsUser.h(198,12): warning C4240: nonstandard extension used: access to 'clsUser::stLoginRegisterRecord' now defined to be 'public', previously it was defined to be 'private'
  (compiling source file 'ConsoleApplication3.cpp')
      G:\Programming\Courses\Course 11\ConsoleApplications\ConsoleApplication3\ConsoleApplication3\clsUser.h(26,12):
      see declaration of 'clsUser::stLoginRegisterRecord'
  
G:\Programming\Courses\Course 11\ConsoleApplications\ConsoleApplication3\ConsoleApplication3\clsInputValidate.h(133,16): warning C4244: 'initializing': conversion from 'double' to 'float', possible loss of data
  (compiling source file 'ConsoleApplication3.cpp')
  
G:\Programming\Courses\Course 11\ConsoleApplications\ConsoleApplication3\ConsoleApplication3\clsInputValidate.h(137,26): warning C4244: '=': conversion from 'double' to 'float', possible loss of data
  (compiling source file 'ConsoleApplication3.cpp')
  
G:\Programming\Courses\Course 11\ConsoleApplications\ConsoleApplication3\ConsoleApplication3\clsBankClient.h(206,12): warning C4240: nonstandard extension used: access to 'clsBankClient::stTrnsferLogRecord' now defined to be 'public', previously it was defined to be 'private'
  (compiling source file 'ConsoleApplication3.cpp')
      G:\Programming\Courses\Course 11\ConsoleApplications\ConsoleApplication3\ConsoleApplication3\clsBankClient.h(152,12):
      see declaration of 'clsBankClient::stTrnsferLogRecord'
  
G:\Programming\Courses\Course 11\ConsoleApplications\ConsoleApplication3\ConsoleApplication3\clsBankClient.h(28,65): warning C4244: 'argument': conversion from 'double' to 'float', possible loss of data
  (compiling source file 'ConsoleApplication3.cpp')
  
G:\Programming\Courses\Course 11\ConsoleApplications\ConsoleApplication3\ConsoleApplication3\clsBankClient.h(162,39): warning C4244: '=': conversion from 'double' to 'float', possible loss of data
  (compiling source file 'ConsoleApplication3.cpp')
  
G:\Programming\Courses\Course 11\ConsoleApplications\ConsoleApplication3\ConsoleApplication3\clsBankClient.h(163,48): warning C4244: '=': conversion from 'double' to 'float', possible loss of data
  (compiling source file 'ConsoleApplication3.cpp')
  
G:\Programming\Courses\Course 11\ConsoleApplications\ConsoleApplication3\ConsoleApplication3\clsBankClient.h(164,49): warning C4244: '=': conversion from 'double' to 'float', possible loss of data
  (compiling source file 'ConsoleApplication3.cpp')
  
G:\Programming\Courses\Course 11\ConsoleApplications\ConsoleApplication3\ConsoleApplication3\clsBankClient.h(421,28): warning C4244: '+=': conversion from 'double' to 'float', possible loss of data
  (compiling source file 'ConsoleApplication3.cpp')
  
G:\Programming\Courses\Course 11\ConsoleApplications\ConsoleApplication3\ConsoleApplication3\clsBankClient.h(434,32): warning C4244: '-=': conversion from 'double' to 'float', possible loss of data
  (compiling source file 'ConsoleApplication3.cpp')
  
G:\Programming\Courses\Course 11\ConsoleApplications\ConsoleApplication3\ConsoleApplication3\clsAddNewClientScreen.h(31,60): warning C4244: 'argument': conversion from 'double' to 'float', possible loss of data
  (compiling source file 'ConsoleApplication3.cpp')
  
G:\Programming\Courses\Course 11\ConsoleApplications\ConsoleApplication3\ConsoleApplication3\clsUpdateClientScreen.h(32,60): warning C4244: 'argument': conversion from 'double' to 'float', possible loss of data
  (compiling source file 'ConsoleApplication3.cpp')
  
G:\Programming\Courses\Course 11\ConsoleApplications\ConsoleApplication3\ConsoleApplication3\clsTotalBalancesScreen.h(53,81): warning C4244: 'argument': conversion from 'double' to 'int', possible loss of data
  (compiling source file 'ConsoleApplication3.cpp')
  
G:\Programming\Courses\Course 11\ConsoleApplications\ConsoleApplication3\ConsoleApplication3\clsTransferScreen.h(42,51): warning C4244: '=': conversion from 'double' to 'float', possible loss of data
  (compiling source file 'ConsoleApplication3.cpp')
  
G:\Programming\Courses\Course 11\ConsoleApplications\ConsoleApplication3\ConsoleApplication3\clsTransferScreen.h(47,53): warning C4244: '=': conversion from 'double' to 'float', possible loss of data
  (compiling source file 'ConsoleApplication3.cpp')
  
G:\Programming\Courses\Course 11\ConsoleApplications\ConsoleApplication3\ConsoleApplication3\clsCurrency.h(27,17): warning C4244: 'argument': conversion from 'double' to 'float', possible loss of data
  (compiling source file 'ConsoleApplication3.cpp')
  
G:\Programming\Courses\Course 11\ConsoleApplications\ConsoleApplication3\ConsoleApplication3\clsUpdateCurrencyRateScreen.h(17,52): warning C4244: '=': conversion from 'double' to 'float', possible loss of data
  (compiling source file 'ConsoleApplication3.cpp')
  
G:\Programming\Courses\Course 11\ConsoleApplications\ConsoleApplication3\ConsoleApplication3\clsCurrencyCalulatorScreen.h(17,51): warning C4244: '=': conversion from 'double' to 'float', possible loss of data
  (compiling source file 'ConsoleApplication3.cpp')
  
G:\Programming\Courses\Course 11\ConsoleApplications\ConsoleApplication3\ConsoleApplication3\clsBankClient.h(376,1): warning C4715: 'clsBankClient::Save': not all control paths return a value
G:\Programming\Courses\Course 11\ConsoleApplications\ConsoleApplication3\ConsoleApplication3\clsUser.h(360,1): warning C4715: 'clsUser::Save': not all control paths return a value
  ConsoleApplication3.vcxproj -> G:\Programming\Courses\Course 11\ConsoleApplications\ConsoleApplication3\x64\Debug\ConsoleApplication3.exe
